<?xml version="1.0" encoding="UTF-8"?>
<testsuite name="org.example.list.LinkedListTest" tests="4" skipped="0" failures="0" errors="0" timestamp="2025-02-15T06:18:18" hostname="hidakouheinoMacBook-Air.local" time="0.012">
  <properties/>
  <testcase name="testAdd()" classname="org.example.list.LinkedListTest" time="0.009"/>
  <testcase name="testRemoveMissing()" classname="org.example.list.LinkedListTest" time="0.0"/>
  <testcase name="testRemove()" classname="org.example.list.LinkedListTest" time="0.0"/>
  <testcase name="testConstructor()" classname="org.example.list.LinkedListTest" time="0.0"/>
  <system-out><![CDATA[]]></system-out>
  <system-err><![CDATA[]]></system-err>
</testsuite>
